|2020-03-21_23-34-11|error| work process not init.'NoneType' object has no attribute 'add_handler'
|2020-03-21_23-34-11|info| server established. port:7736
|2020-03-21_23-34-29|debug| new client. fd = <socket._socketobject object at 0x031D00D8>port = 60811
|2020-03-21_23-34-29|info| recv msg[6][1001][hello!]
|2020-03-21_23-34-30|debug| client exit. fd = <socket._socketobject object at 0x031D00D8>port = 60811
|2020-03-21_23-34-49|debug| new client. fd = <socket._socketobject object at 0x031C2FB8>port = 60813
|2020-03-21_23-34-49|info| recv msg[6][1001][hello!]
|2020-03-21_23-35-23|error| work process not init.'NoneType' object has no attribute 'add_handler'
|2020-03-21_23-35-23|info| server established. port:7736
|2020-03-21_23-35-29|debug| new client. fd = <socket._socketobject object at 0x03240FB8>port = 60828
|2020-03-21_23-35-29|info| recv msg[6][1001][hello!]
|2020-03-21_23-35-40|error| work process not init.'NoneType' object has no attribute 'add_handler'
|2020-03-21_23-35-40|info| server established. port:7736
|2020-03-21_23-35-51|debug| new client. fd = <socket._socketobject object at 0x02A70FB8>port = 60837
|2020-03-21_23-35-51|info| recv msg[6][1001][hello!]
|2020-03-21_23-36-06|debug| client exit. fd = <socket._socketobject object at 0x02A70FB8>port = 60837
|2020-03-21_23-36-06|error| conn socket close fail err:
|2020-03-21_23-36-06|error| conn socket close fail err:
|2020-03-21_23-36-06|error| conn socket close fail err:
|2020-03-21_23-36-07|error| conn socket close fail err:
|2020-03-21_23-36-07|error| conn socket close fail err:
|2020-03-21_23-36-07|error| conn socket close fail err:
|2020-03-21_23-36-07|error| conn socket close fail err:
|2020-03-21_23-36-07|error| conn socket close fail err:
|2020-03-21_23-36-07|error| conn socket close fail err:
|2020-03-21_23-36-07|error| conn socket close fail err:
|2020-03-21_23-36-07|error| conn socket close fail err:
|2020-03-21_23-36-07|error| conn socket close fail err:
|2020-03-21_23-36-07|error| conn socket close fail err:
|2020-03-21_23-36-08|error| conn socket close fail err:
|2020-03-21_23-36-08|error| conn socket close fail err:
|2020-03-21_23-36-08|error| conn socket close fail err:
|2020-03-21_23-36-08|error| conn socket close fail err:
|2020-03-21_23-36-08|error| conn socket close fail err:
|2020-03-21_23-36-08|error| conn socket close fail err:
|2020-03-21_23-36-08|error| conn socket close fail err:
|2020-03-21_23-36-08|error| conn socket close fail err:
|2020-03-21_23-36-08|error| conn socket close fail err:
|2020-03-21_23-36-09|error| conn socket close fail err:
|2020-03-21_23-36-09|error| conn socket close fail err:
|2020-03-21_23-36-09|error| conn socket close fail err:
|2020-03-21_23-36-09|error| conn socket close fail err:
|2020-03-21_23-36-09|error| conn socket close fail err:
|2020-03-21_23-36-09|error| conn socket close fail err:
|2020-03-21_23-36-09|error| conn socket close fail err:
|2020-03-21_23-36-09|error| conn socket close fail err:
|2020-03-21_23-36-09|error| conn socket close fail err:
|2020-03-21_23-36-09|error| conn socket close fail err:
|2020-03-21_23-36-10|error| work process not init.'NoneType' object has no attribute 'add_handler'
|2020-03-21_23-36-10|info| server established. port:7736
|2020-03-21_23-36-19|debug| new client. fd = <socket._socketobject object at 0x03910FB8>port = 60847
|2020-03-21_23-36-19|info| recv msg[6][1001][hello!]
|2020-03-21_23-36-46|error| work process not init.'NoneType' object has no attribute 'add_handler'
|2020-03-21_23-36-46|info| server established. port:7736
|2020-03-21_23-36-51|debug| new client. fd = <socket._socketobject object at 0x02C30FB8>port = 60852
|2020-03-21_23-36-51|info| recv msg[6][1001][hello!]
|2020-03-21_23-37-45|debug| client exit. fd = <socket._socketobject object at 0x02C30FB8>port = 60852
|2020-03-21_23-37-45|error| conn socket close fail err:
|2020-03-21_23-37-45|error| conn socket close fail err:
|2020-03-21_23-37-45|error| conn socket close fail err:
|2020-03-21_23-37-46|error| conn socket close fail err:
|2020-03-21_23-37-46|error| conn socket close fail err:
|2020-03-21_23-37-46|error| conn socket close fail err:
|2020-03-21_23-37-46|error| conn socket close fail err:
|2020-03-21_23-37-46|error| conn socket close fail err:
|2020-03-21_23-37-46|error| conn socket close fail err:
|2020-03-21_23-37-46|error| conn socket close fail err:
|2020-03-21_23-37-46|error| conn socket close fail err:
|2020-03-21_23-37-46|error| conn socket close fail err:
|2020-03-21_23-37-46|error| conn socket close fail err:
|2020-03-21_23-37-47|error| conn socket close fail err:
|2020-03-21_23-37-47|error| conn socket close fail err:
|2020-03-21_23-37-47|error| conn socket close fail err:
|2020-03-21_23-37-47|error| conn socket close fail err:
|2020-03-21_23-37-47|error| conn socket close fail err:
|2020-03-21_23-37-47|error| conn socket close fail err:
|2020-03-21_23-37-47|error| conn socket close fail err:
|2020-03-21_23-37-47|error| conn socket close fail err:
|2020-03-21_23-37-47|error| conn socket close fail err:
|2020-03-21_23-37-48|error| conn socket close fail err:
|2020-03-21_23-37-48|error| conn socket close fail err:
|2020-03-21_23-37-48|error| conn socket close fail err:
|2020-03-21_23-37-48|error| conn socket close fail err:
|2020-03-21_23-37-48|error| conn socket close fail err:
|2020-03-21_23-37-48|error| conn socket close fail err:
|2020-03-21_23-38-34|error| work process not init.'NoneType' object has no attribute 'add_handler'
|2020-03-21_23-38-34|info| server established. port:7736
|2020-03-21_23-38-38|debug| new client. fd = <socket._socketobject object at 0x0370E7A0>port = 60887
|2020-03-21_23-38-38|debug| client exit. fd = <socket._socketobject object at 0x0370E7A0>port = 60887
|2020-03-21_23-38-51|error| work process not init.'NoneType' object has no attribute 'add_handler'
|2020-03-21_23-38-51|info| server established. port:7736
|2020-03-21_23-38-53|debug| new client. fd = <socket._socketobject object at 0x02C30FB8>port = 60888
|2020-03-21_23-38-53|debug| client exit. fd = <socket._socketobject object at 0x02C30FB8>port = 60888
|2020-03-21_23-39-22|error| work process not init.'NoneType' object has no attribute 'add_handler'
|2020-03-21_23-39-22|info| server established. port:7736
|2020-03-21_23-39-29|debug| new client. fd = <socket._socketobject object at 0x03010FB8>port = 60899
|2020-03-21_23-39-29|info| recv msg[6][1001][hello!]
|2020-03-21_23-39-32|debug| client exit. fd = <socket._socketobject object at 0x03010FB8>port = 60899
|2020-03-21_23-39-32|error| conn socket close fail err:
|2020-03-21_23-39-32|error| conn socket close fail err:
|2020-03-21_23-39-32|error| conn socket close fail err:
|2020-03-21_23-39-33|error| conn socket close fail err:
|2020-03-21_23-39-33|error| conn socket close fail err:
|2020-03-21_23-39-33|error| conn socket close fail err:
|2020-03-21_23-39-33|error| conn socket close fail err:
|2020-03-21_23-39-33|error| conn socket close fail err:
|2020-03-21_23-39-33|error| conn socket close fail err:
|2020-03-21_23-39-33|error| conn socket close fail err:
|2020-03-21_23-39-33|error| conn socket close fail err:
|2020-03-21_23-39-33|error| conn socket close fail err:
|2020-03-21_23-39-33|error| conn socket close fail err:
|2020-03-21_23-39-34|error| conn socket close fail err:
|2020-03-21_23-39-34|error| conn socket close fail err:
|2020-03-21_23-39-34|error| conn socket close fail err:
|2020-03-21_23-39-34|error| conn socket close fail err:
|2020-03-21_23-39-34|error| conn socket close fail err:
|2020-03-21_23-39-34|error| conn socket close fail err:
|2020-03-21_23-39-34|error| conn socket close fail err:
|2020-03-21_23-39-34|error| conn socket close fail err:
|2020-03-21_23-39-34|error| conn socket close fail err:
|2020-03-21_23-39-34|error| conn socket close fail err:
|2020-03-21_23-39-43|error| work process not init.'NoneType' object has no attribute 'add_handler'
|2020-03-21_23-39-43|info| server established. port:7736
|2020-03-21_23-39-46|debug| new client. fd = <socket._socketobject object at 0x03F617D8>port = 60907
|2020-03-21_23-39-46|info| recv msg[6][1001][hello!]
|2020-03-21_23-40-04|debug| client exit. fd = <socket._socketobject object at 0x03F617D8>port = 60907
|2020-03-21_23-41-34|error| work process not init.'NoneType' object has no attribute 'add_handler'
|2020-03-21_23-41-34|info| server established. port:7736
|2020-03-21_23-41-38|debug| new client. fd = <socket._socketobject object at 0x037FE7A0>port = 61020
|2020-03-21_23-41-38|info| recv msg[6][1001][hello!]
|2020-03-21_23-41-58|debug| client exit. fd = <socket._socketobject object at 0x037FE7A0>port = 61020
|2020-03-21_23-44-00|error| work process not init.'NoneType' object has no attribute 'add_handler'
|2020-03-21_23-44-00|info| server established. port:7736
|2020-03-21_23-44-05|debug| new client. fd = <socket._socketobject object at 0x02C91FB8>port = 61054
|2020-03-21_23-44-05|info| recv msg[6][1001][hello!]
|2020-03-21_23-44-12|debug| client exit. fd = <socket._socketobject object at 0x02C91FB8>port = 61054
|2020-03-21_23-46-03|error| work process not init.'NoneType' object has no attribute 'add_handler'
|2020-03-21_23-46-03|info| server established. port:7736
|2020-03-21_23-46-05|error| work process not init.'NoneType' object has no attribute 'add_handler'
|2020-03-21_23-46-05|info| server established. port:7736
|2020-03-21_23-46-10|debug| new client. fd = <socket._socketobject object at 0x03700FB8>port = 61151
|2020-03-21_23-46-10|info| recv msg[6][1001][hello!]
|2020-03-21_23-46-31|error| work process not init.'NoneType' object has no attribute 'add_handler'
|2020-03-21_23-46-31|info| server established. port:7736
|2020-03-21_23-46-35|debug| new client. fd = <socket._socketobject object at 0x03CEE650>port = 61165
|2020-03-21_23-46-35|info| recv msg[6][1001][hello!]
|2020-03-21_23-48-00|info| server established. port:7736
|2020-03-21_23-48-00|error| work process not init.'NoneType' object has no attribute 'add_handler'
|2020-03-21_23-48-05|debug| new client. fd = <socket._socketobject object at 0x02E40F10>port = 61202
|2020-03-21_23-48-05|info| recv msg[6][1001][hello!]
|2020-03-21_23-49-51|info| server established. port:7736
|2020-03-21_23-49-55|info| server established. port:7736
|2020-03-21_23-50-07|debug| new client. fd = <socket._socketobject object at 0x03240880>port = 61229
|2020-03-21_23-50-07|info| recv msg[6][1001][hello!]
|2020-03-21_23-50-12|debug| client exit. fd = <socket._socketobject object at 0x03240880>port = 61229
|2020-03-21_23-50-26|info| server established. port:7736
|2020-03-21_23-50-32|debug| new client. fd = <socket._socketobject object at 0x0348E618>port = 61242
|2020-03-21_23-50-32|info| recv msg[6][1001][hello!]
|2020-03-21_23-51-41|info| server established. port:7736
|2020-03-21_23-52-20|debug| new client. fd = <socket._socketobject object at 0x0348E5A8>port = 61270
|2020-03-21_23-52-20|info| recv msg[6][1001][hello!]
|2020-03-21_23-53-26|info| server established. port:7736
|2020-03-21_23-55-20|info| server established. port:7736
|2020-03-21_23-55-49|info| add handler 1001
|2020-03-21_23-55-51|debug| new client. fd = <socket._socketobject object at 0x03C3C618>port = 61360
|2020-03-21_23-55-51|info| recv msg[6][1001][hello!]
|2020-03-21_23-59-20|info| server established. port:7736
|2020-03-21_23-59-20|info| add handler 1001
|2020-03-21_23-59-24|debug| new client. fd = <socket._socketobject object at 0x03432F10>port = 61422
|2020-03-21_23-59-24|info| recv msg[6][1001][hello!]
