|2020-03-23_13-45-50|info| server established. port:7736
|2020-03-23_13-45-50|info| add handler 1001
|2020-03-23_13-45-57|debug| new client. fd = <socket._socketobject object at 0x02F2FC38>port = 57558
|2020-03-23_13-45-57|info| recv msg[6][1001][hello!]
|2020-03-23_13-45-57|info| test
|2020-03-23_14-09-24|info| server established. port:7736
|2020-03-23_14-09-24|info| add handler 1001
|2020-03-23_14-09-28|debug| new client. fd = <socket._socketobject object at 0x02D51D50>port = 58498
|2020-03-23_14-09-28|info| recv msg[6][1001][hello!]
|2020-03-23_14-09-28|info| test
|2020-03-23_14-10-36|info| server established. port:7736
|2020-03-23_14-10-36|info| add handler 1001
|2020-03-23_14-10-39|debug| new client. fd = <socket._socketobject object at 0x0316CD18>port = 58520
|2020-03-23_14-10-39|info| recv msg[6][1001][hello!]
|2020-03-23_14-10-39|info| test
|2020-03-23_14-10-42|debug| client exit. fd = <socket._socketobject object at 0x0316CD18>port = 58520
|2020-03-23_15-50-05|info| network mode select
|2020-03-23_15-50-05|info| server established. port:60771
|2020-03-23_15-50-05|info| add handler 1001
|2020-03-23_15-53-28|info| network mode select
|2020-03-23_15-53-28|info| server established. port:7736
|2020-03-23_15-53-28|info| add handler 1001
|2020-03-23_15-53-37|debug| new client. fd = <socket._socketobject object at 0x02EB0E68>port = 60814
|2020-03-23_15-54-26|info| network mode select
|2020-03-23_15-54-26|info| server established. port:7736
|2020-03-23_15-54-26|info| add handler 1001
|2020-03-23_15-55-27|debug| new client. fd = <socket._socketobject object at 0x03CDDED8>port = 60850
|2020-03-23_15-56-13|info| network mode select
|2020-03-23_15-56-13|info| server established. port:7736
|2020-03-23_15-56-13|info| add handler 1001
|2020-03-23_15-56-16|debug| new client. fd = <socket._socketobject object at 0x034E9308>port = 60884
|2020-03-23_15-56-46|info| network mode select
|2020-03-23_15-56-46|info| server established. port:7736
|2020-03-23_15-56-46|info| add handler 1001
|2020-03-23_15-56-48|debug| new client. fd = <socket._socketobject object at 0x03FA9308>port = 60899
|2020-03-23_15-59-35|info| network mode select
|2020-03-23_15-59-35|info| server established. port:7736
|2020-03-23_15-59-35|info| add handler 1001
|2020-03-23_15-59-37|debug| new client. fd = <socket._socketobject object at 0x03E23308>port = 60948
|2020-03-23_16-00-38|info| network mode select
|2020-03-23_16-00-38|info| server established. port:7736
|2020-03-23_16-00-38|info| add handler 1001
|2020-03-23_16-00-48|debug| new client. fd = <socket._socketobject object at 0x03A8A308>port = 61046
|2020-03-23_16-00-48|info| recv msg[6][1001][hello!]
|2020-03-23_16-00-48|info| test
|2020-03-23_16-01-11|info| network mode select
|2020-03-23_16-01-11|info| server established. port:7736
|2020-03-23_16-01-11|info| add handler 1001
|2020-03-23_16-01-20|debug| new client. fd = <socket._socketobject object at 0x029B0E68>port = 61051
|2020-03-23_16-01-20|info| recv msg[6][1001][hello!]
|2020-03-23_16-01-20|info| test
|2020-03-23_16-01-28|debug| client exit. fd = <socket._socketobject object at 0x029B0E68>port = 61051
|2020-03-23_16-01-52|info| server established. port:7736
|2020-03-23_16-01-52|info| add handler 1001
|2020-03-23_16-01-54|debug| new client. fd = <socket._socketobject object at 0x029E0DF8>port = 61060
|2020-03-23_16-01-54|info| recv msg[6][1001][hello!]
|2020-03-23_16-01-54|info| test
|2020-03-23_16-05-06|info| network mode select
|2020-03-23_16-05-06|info| server established. port:7736
|2020-03-23_16-05-06|info| add handler 1001
|2020-03-23_16-05-10|debug| new client. fd = <socket._socketobject object at 0x03C6A340>port = 61123
|2020-03-23_16-05-33|info| network mode select
|2020-03-23_16-05-33|info| server established. port:7736
|2020-03-23_16-05-33|info| add handler 1001
|2020-03-23_16-05-34|debug| new client. fd = <socket._socketobject object at 0x03A59378>port = 61152
|2020-03-23_16-06-18|info| recv msg[6][1001][hello!]
|2020-03-23_16-06-18|info| login:test
|2020-03-23_16-24-13|info| network mode select
|2020-03-23_16-24-13|info| server established. port:7736
|2020-03-23_16-24-13|info| add handler 1001
|2020-03-23_16-24-15|debug| new client. fd = <socket._socketobject object at 0x033F0EA0>port = 61419
|2020-03-23_16-24-15|info| recv msg[6][1001][hello!]
|2020-03-23_16-24-15|info| login:test
|2020-03-23_16-25-16|info| network mode select
|2020-03-23_16-25-16|info| server established. port:7736
|2020-03-23_16-25-16|info| add handler 1001
|2020-03-23_16-25-25|debug| new client. fd = <socket._socketobject object at 0x030A13B0>port = 61443
|2020-03-23_16-25-28|info| recv msg[6][1001][hello!]
|2020-03-23_16-25-28|info| login:test
|2020-03-23_16-26-30|info| network mode select
|2020-03-23_16-26-30|info| server established. port:7736
|2020-03-23_16-26-30|info| add handler 1001
|2020-03-23_16-26-39|debug| new client. fd = <socket._socketobject object at 0x0396B3B0>port = 61471
|2020-03-23_16-28-05|info| recv msg[6][1001][hello!]
|2020-03-23_16-29-13|info| login:test
|2020-03-23_16-37-30|info| network mode select
|2020-03-23_16-37-30|info| server established. port:7736
|2020-03-23_16-37-30|info| add handler 1001
|2020-03-23_16-37-32|debug| new client. fd = <socket._socketobject object at 0x02E971B8>port = 61892
|2020-03-23_16-37-32|info| recv msg[6][1001][hello!]
|2020-03-23_16-37-32|info| login:test
|2020-03-23_16-37-38|debug| client exit. fd = <socket._socketobject object at 0x02E971B8>port = 61892
|2020-03-23_16-39-35|info| network mode select
|2020-03-23_16-39-35|info| server established. port:7736
|2020-03-23_16-39-35|info| add handler 1001
|2020-03-23_16-39-37|debug| new client. fd = <socket._socketobject object at 0x02ED71B8>port = 61961
|2020-03-23_16-39-37|info| recv msg[6][1001][hello!]
|2020-03-23_16-39-37|info| login:test
|2020-03-23_16-39-38|debug| client exit. fd = <socket._socketobject object at 0x02ED71B8>port = 61961
|2020-03-23_16-41-56|info| network mode select
|2020-03-23_16-41-56|info| server established. port:7736
|2020-03-23_16-41-56|info| add handler 1001
|2020-03-23_16-42-00|debug| new client. fd = <socket._socketobject object at 0x031C71B8>port = 61996
|2020-03-23_16-42-00|info| recv msg[6][1001][hello!]
|2020-03-23_16-42-00|info| login:test
|2020-03-23_16-42-01|debug| client exit. fd = <socket._socketobject object at 0x031C71B8>port = 61996
|2020-03-23_16-42-35|info| network mode select
|2020-03-23_16-42-35|info| server established. port:7736
|2020-03-23_16-42-35|info| add handler 1001
|2020-03-23_16-42-36|debug| new client. fd = <socket._socketobject object at 0x02C771B8>port = 62006
|2020-03-23_16-42-36|info| recv msg[6][1001][hello!]
|2020-03-23_16-42-36|info| login:test
|2020-03-23_16-42-37|debug| client exit. fd = <socket._socketobject object at 0x02C771B8>port = 62006
|2020-03-23_16-52-14|info| network mode select
|2020-03-23_16-52-14|info| server established. port:7736
|2020-03-23_16-52-14|info| add handler 1001
|2020-03-23_16-52-15|debug| new client. fd = <socket._socketobject object at 0x033461F0>port = 62232
|2020-03-23_16-52-15|info| recv msg[6][1001][hello!]
|2020-03-23_16-52-15|info| login:test
|2020-03-23_16-52-20|debug| client exit. fd = <socket._socketobject object at 0x033461F0>port = 62232
|2020-03-23_17-24-32|info| network mode select
|2020-03-23_17-24-32|info| server established. port:7736
|2020-03-23_17-24-32|info| add handler 1001
|2020-03-23_17-24-35|debug| new client. fd = <socket._socketobject object at 0x032A71B8>port = 63652
|2020-03-23_17-24-35|info| recv msg[6][1001][hello!]
|2020-03-23_17-24-35|info| login:test
|2020-03-23_17-24-36|debug| client exit. fd = <socket._socketobject object at 0x032A71B8>port = 63652
|2020-03-23_17-39-09|info| network mode select
|2020-03-23_17-39-09|info| server established. port:7736
|2020-03-23_17-39-09|info| add handler 1001
|2020-03-23_17-39-12|debug| new client. fd = <socket._socketobject object at 0x02BA71B8>port = 64151
|2020-03-23_17-39-12|info| recv msg[6][1001][hello!]
|2020-03-23_17-39-12|info| login:test
|2020-03-23_17-39-16|debug| client exit. fd = <socket._socketobject object at 0x02BA71B8>port = 64151
