|2020-04-22_19-53-07|info| network mode light server
|2020-04-22_19-53-07|info| server established. port:7736
|2020-04-22_19-53-07|info| add handler 1001
|2020-04-22_19-53-07|info| add handler 1002
|2020-04-22_19-53-07|info| add handler 1010
|2020-04-22_19-53-07|info| add handler 1011
|2020-04-22_19-53-07|info| add handler 1012
|2020-04-22_19-53-07|info| add handler 1013
|2020-04-22_19-53-07|info| add handler 1014
|2020-04-22_19-53-07|info| add handler 1030
|2020-04-22_19-53-07|info| add handler 1031
|2020-04-22_19-53-07|info| add handler 1032
|2020-04-22_19-53-07|info| add handler 1020
|2020-04-22_19-53-07|info| add handler 1021
|2020-04-22_19-53-07|info| add handler 1022
|2020-04-22_19-53-07|info| add handler 1023
|2020-04-22_19-53-07|info| add handler 1024
|2020-04-22_19-53-07|info| worker pool. light mode
|2020-04-22_19-53-07|info| work process start success
|2020-04-22_19-53-34|debug| new client. fd = <socket._socketobject object at 0x02C44848>port = 57983
|2020-04-22_19-53-34|debug| connection count = 1
|2020-04-22_19-53-34|debug| login service: [56][1001][{"username":"netease1","password":"123456","time":15334}]
|2020-04-22_19-53-35|debug| new client. fd = <socket._socketobject object at 0x02C44A40>port = 57986
|2020-04-22_19-53-35|debug| connection count = 2
|2020-04-22_19-53-35|debug| login service: [56][1001][{"username":"netease2","password":"123456","time":12915}]
|2020-04-22_19-54-08|debug| client exit. fd = <socket._socketobject object at 0x02C44A40>port = 57986
|2020-04-22_19-54-10|debug| client exit. fd = <socket._socketobject object at 0x02C44848>port = 57983
|2020-04-22_20-36-35|info| network mode light server
|2020-04-22_20-36-35|info| server established. port:7736
|2020-04-22_20-36-35|info| add handler 1001
|2020-04-22_20-36-35|info| add handler 1002
|2020-04-22_20-36-35|info| add handler 1010
|2020-04-22_20-36-35|info| add handler 1011
|2020-04-22_20-36-35|info| add handler 1012
|2020-04-22_20-36-35|info| add handler 1013
|2020-04-22_20-36-35|info| add handler 1014
|2020-04-22_20-36-35|info| add handler 1030
|2020-04-22_20-36-35|info| add handler 1031
|2020-04-22_20-36-35|info| add handler 1032
|2020-04-22_20-36-35|info| add handler 1020
|2020-04-22_20-36-35|info| add handler 1021
|2020-04-22_20-36-35|info| add handler 1022
|2020-04-22_20-36-35|info| add handler 1023
|2020-04-22_20-36-35|info| add handler 1024
|2020-04-22_20-36-35|info| worker pool. light mode
|2020-04-22_20-36-35|info| work process start success
|2020-04-22_20-38-45|info| network mode light server
|2020-04-22_20-38-45|info| server established. port:7736
|2020-04-22_20-38-45|info| add handler 1001
|2020-04-22_20-38-45|info| add handler 1002
|2020-04-22_20-38-45|info| add handler 1010
|2020-04-22_20-38-45|info| add handler 1011
|2020-04-22_20-38-45|info| add handler 1012
|2020-04-22_20-38-45|info| add handler 1013
|2020-04-22_20-38-45|info| add handler 1014
|2020-04-22_20-38-45|info| add handler 1030
|2020-04-22_20-38-45|info| add handler 1031
|2020-04-22_20-38-45|info| add handler 1032
|2020-04-22_20-38-45|info| add handler 1020
|2020-04-22_20-38-45|info| add handler 1021
|2020-04-22_20-38-45|info| add handler 1022
|2020-04-22_20-38-45|info| add handler 1023
|2020-04-22_20-38-45|info| add handler 1024
|2020-04-22_20-38-45|info| worker pool. light mode
|2020-04-22_20-38-45|info| work process start success
|2020-04-22_20-38-58|debug| new client. fd = <socket._socketobject object at 0x03734848>port = 59571
|2020-04-22_20-38-58|debug| connection count = 1
|2020-04-22_20-38-58|debug| login service: [55][1001][{"username":"netease1","password":"123456","time":5785}]
|2020-04-22_20-41-17|info| network mode light server
|2020-04-22_20-41-17|info| server established. port:7736
|2020-04-22_20-41-17|info| add handler 1001
|2020-04-22_20-41-17|info| add handler 1002
|2020-04-22_20-41-17|info| add handler 1010
|2020-04-22_20-41-17|info| add handler 1011
|2020-04-22_20-41-17|info| add handler 1012
|2020-04-22_20-41-17|info| add handler 1013
|2020-04-22_20-41-17|info| add handler 1014
|2020-04-22_20-41-17|info| add handler 1030
|2020-04-22_20-41-17|info| add handler 1031
|2020-04-22_20-41-17|info| add handler 1032
|2020-04-22_20-41-17|info| add handler 1020
|2020-04-22_20-41-17|info| add handler 1021
|2020-04-22_20-41-17|info| add handler 1022
|2020-04-22_20-41-17|info| add handler 1023
|2020-04-22_20-41-17|info| add handler 1024
|2020-04-22_20-41-17|info| worker pool. light mode
|2020-04-22_20-41-17|info| work process start success
|2020-04-22_20-41-25|debug| new client. fd = <socket._socketobject object at 0x03304848>port = 59652
|2020-04-22_20-41-25|debug| connection count = 1
|2020-04-22_20-41-25|debug| login service: [55][1001][{"username":"netease1","password":"123456","time":6331}]
|2020-04-22_21-42-24|info| network mode light server
|2020-04-22_21-42-24|info| server established. port:7736
|2020-04-22_21-42-24|info| add handler 1001
|2020-04-22_21-42-24|info| add handler 1002
|2020-04-22_21-42-24|info| add handler 1010
|2020-04-22_21-42-24|info| add handler 1011
|2020-04-22_21-42-24|info| add handler 1012
|2020-04-22_21-42-24|info| add handler 1013
|2020-04-22_21-42-24|info| add handler 1014
|2020-04-22_21-42-24|info| add handler 1030
|2020-04-22_21-42-24|info| add handler 1031
|2020-04-22_21-42-24|info| add handler 1032
|2020-04-22_21-42-24|info| add handler 1020
|2020-04-22_21-42-24|info| add handler 1021
|2020-04-22_21-42-24|info| add handler 1022
|2020-04-22_21-42-24|info| add handler 1023
|2020-04-22_21-42-24|info| add handler 1024
|2020-04-22_21-42-25|info| worker pool. light mode
|2020-04-22_21-42-25|info| work process start success
|2020-04-22_21-42-36|debug| new client. fd = <socket._socketobject object at 0x02F43848>port = 61144
|2020-04-22_21-42-36|debug| connection count = 1
|2020-04-22_21-42-36|debug| login service: [55][1001][{"username":"netease1","password":"123456","time":6114}]
|2020-04-22_21-53-55|info| network mode light server
|2020-04-22_21-53-55|info| server established. port:7736
|2020-04-22_21-53-55|info| add handler 1001
|2020-04-22_21-53-55|info| add handler 1002
|2020-04-22_21-53-55|info| add handler 1010
|2020-04-22_21-53-55|info| add handler 1011
|2020-04-22_21-53-55|info| add handler 1012
|2020-04-22_21-53-55|info| add handler 1013
|2020-04-22_21-53-55|info| add handler 1014
|2020-04-22_21-53-55|info| add handler 1030
|2020-04-22_21-53-55|info| add handler 1031
|2020-04-22_21-53-55|info| add handler 1032
|2020-04-22_21-53-55|info| add handler 1020
|2020-04-22_21-53-55|info| add handler 1021
|2020-04-22_21-53-55|info| add handler 1022
|2020-04-22_21-53-55|info| add handler 1023
|2020-04-22_21-53-55|info| add handler 1024
|2020-04-22_21-53-55|info| worker pool. light mode
|2020-04-22_21-53-55|info| work process start success
|2020-04-22_21-53-57|debug| new client. fd = <socket._socketobject object at 0x0385D768>port = 61647
|2020-04-22_21-53-57|debug| connection count = 1
|2020-04-22_21-53-57|debug| login service: [55][1001][{"username":"netease1","password":"123456","time":6465}]
|2020-04-22_21-56-21|info| network mode light server
|2020-04-22_21-56-21|info| server established. port:7736
|2020-04-22_21-56-21|info| add handler 1001
|2020-04-22_21-56-21|info| add handler 1002
|2020-04-22_21-56-21|info| add handler 1010
|2020-04-22_21-56-21|info| add handler 1011
|2020-04-22_21-56-21|info| add handler 1012
|2020-04-22_21-56-21|info| add handler 1013
|2020-04-22_21-56-21|info| add handler 1014
|2020-04-22_21-56-21|info| add handler 1030
|2020-04-22_21-56-21|info| add handler 1031
|2020-04-22_21-56-21|info| add handler 1032
|2020-04-22_21-56-21|info| add handler 1020
|2020-04-22_21-56-21|info| add handler 1021
|2020-04-22_21-56-21|info| add handler 1022
|2020-04-22_21-56-21|info| add handler 1023
|2020-04-22_21-56-21|info| add handler 1024
|2020-04-22_21-56-21|info| worker pool. light mode
|2020-04-22_21-56-21|info| work process start success
|2020-04-22_21-56-23|debug| new client. fd = <socket._socketobject object at 0x0369F768>port = 61713
|2020-04-22_21-56-23|debug| connection count = 1
|2020-04-22_21-56-23|debug| login service: [55][1001][{"username":"netease1","password":"123456","time":6062}]
|2020-04-22_22-03-53|debug| client exit. fd = <socket._socketobject object at 0x0369F768>port = 61713
|2020-04-22_22-04-01|debug| new client. fd = <socket._socketobject object at 0x0369F768>port = 61887
|2020-04-22_22-04-01|debug| connection count = 1
|2020-04-22_22-04-01|debug| login service: [55][1001][{"username":"netease1","password":"123456","time":5870}]
|2020-04-22_22-11-42|debug| client exit. fd = <socket._socketobject object at 0x0369F768>port = 61887
|2020-04-22_22-46-15|debug| new client. fd = <socket._socketobject object at 0x0369F768>port = 63077
|2020-04-22_22-46-15|debug| connection count = 1
|2020-04-22_22-46-15|debug| login service: [55][1001][{"username":"netease1","password":"123456","time":6006}]
|2020-04-22_22-47-08|debug| client exit. fd = <socket._socketobject object at 0x0369F768>port = 63077
|2020-04-22_22-47-18|debug| new client. fd = <socket._socketobject object at 0x0369F768>port = 63110
|2020-04-22_22-47-18|debug| connection count = 1
|2020-04-22_22-47-19|debug| login service: [55][1001][{"username":"netease1","password":"123456","time":7836}]
|2020-04-22_22-59-30|debug| client exit. fd = <socket._socketobject object at 0x0369F768>port = 63110
|2020-04-22_23-27-52|info| network mode light server
|2020-04-22_23-27-52|info| server established. port:7736
|2020-04-22_23-27-52|info| add handler 1001
|2020-04-22_23-27-52|info| add handler 1002
|2020-04-22_23-27-52|info| add handler 1010
|2020-04-22_23-27-52|info| add handler 1011
|2020-04-22_23-27-52|info| add handler 1012
|2020-04-22_23-27-52|info| add handler 1013
|2020-04-22_23-27-52|info| add handler 1014
|2020-04-22_23-27-52|info| add handler 1030
|2020-04-22_23-27-52|info| add handler 1031
|2020-04-22_23-27-52|info| add handler 1032
|2020-04-22_23-27-52|info| add handler 1020
|2020-04-22_23-27-52|info| add handler 1021
|2020-04-22_23-27-52|info| add handler 1022
|2020-04-22_23-27-52|info| add handler 1023
|2020-04-22_23-27-52|info| add handler 1024
|2020-04-22_23-27-52|info| worker pool. light mode
|2020-04-22_23-27-52|info| work process start success
|2020-04-22_23-33-48|debug| new client. fd = <socket._socketobject object at 0x0380F810>port = 64301
|2020-04-22_23-33-48|debug| connection count = 1
|2020-04-22_23-33-48|debug| login service: [57][1001][{"username":"netease1","password":"123456","time":339229}]
|2020-04-22_23-35-27|debug| client exit. fd = <socket._socketobject object at 0x0380F810>port = 64301
|2020-04-22_23-35-35|debug| new client. fd = <socket._socketobject object at 0x0380F810>port = 64342
|2020-04-22_23-35-35|debug| connection count = 1
|2020-04-22_23-35-35|debug| login service: [55][1001][{"username":"netease1","password":"123456","time":5530}]
|2020-04-22_23-37-00|debug| client exit. fd = <socket._socketobject object at 0x0380F810>port = 64342
|2020-04-22_23-37-09|debug| new client. fd = <socket._socketobject object at 0x0380F810>port = 64385
|2020-04-22_23-37-09|debug| connection count = 1
|2020-04-22_23-37-09|debug| login service: [55][1001][{"username":"netease1","password":"123456","time":5905}]
|2020-04-22_23-42-30|debug| client exit. fd = <socket._socketobject object at 0x0380F810>port = 64385
|2020-04-22_23-43-03|debug| new client. fd = <socket._socketobject object at 0x0380F810>port = 64833
|2020-04-22_23-43-03|debug| connection count = 1
|2020-04-22_23-43-03|debug| login service: [56][1001][{"username":"netease1","password":"123456","time":29416}]
|2020-04-22_23-46-53|info| network mode light server
|2020-04-22_23-46-53|info| server established. port:7736
|2020-04-22_23-46-53|info| add handler 1001
|2020-04-22_23-46-53|info| add handler 1002
|2020-04-22_23-46-53|info| add handler 1010
|2020-04-22_23-46-53|info| add handler 1011
|2020-04-22_23-46-53|info| add handler 1012
|2020-04-22_23-46-53|info| add handler 1013
|2020-04-22_23-46-53|info| add handler 1014
|2020-04-22_23-46-53|info| add handler 1030
|2020-04-22_23-46-53|info| add handler 1031
|2020-04-22_23-46-53|info| add handler 1032
|2020-04-22_23-46-53|info| add handler 1020
|2020-04-22_23-46-53|info| add handler 1021
|2020-04-22_23-46-53|info| add handler 1022
|2020-04-22_23-46-53|info| add handler 1023
|2020-04-22_23-46-53|info| add handler 1024
|2020-04-22_23-46-53|info| worker pool. light mode
|2020-04-22_23-46-53|info| work process start success
|2020-04-22_23-47-08|debug| new client. fd = <socket._socketobject object at 0x02D7F810>port = 64941
|2020-04-22_23-47-08|debug| connection count = 1
|2020-04-22_23-47-08|debug| login service: [55][1001][{"username":"netease1","password":"123456","time":5700}]
|2020-04-22_23-48-13|info| network mode light server
|2020-04-22_23-48-13|info| server established. port:7736
|2020-04-22_23-48-13|info| add handler 1001
|2020-04-22_23-48-13|info| add handler 1002
|2020-04-22_23-48-13|info| add handler 1010
|2020-04-22_23-48-13|info| add handler 1011
|2020-04-22_23-48-13|info| add handler 1012
|2020-04-22_23-48-13|info| add handler 1013
|2020-04-22_23-48-13|info| add handler 1014
|2020-04-22_23-48-13|info| add handler 1030
|2020-04-22_23-48-13|info| add handler 1031
|2020-04-22_23-48-13|info| add handler 1032
|2020-04-22_23-48-13|info| add handler 1020
|2020-04-22_23-48-13|info| add handler 1021
|2020-04-22_23-48-13|info| add handler 1022
|2020-04-22_23-48-13|info| add handler 1023
|2020-04-22_23-48-13|info| add handler 1024
|2020-04-22_23-48-13|info| worker pool. light mode
|2020-04-22_23-48-13|info| work process start success
|2020-04-22_23-48-54|info| network mode light server
|2020-04-22_23-48-54|info| server established. port:7736
|2020-04-22_23-48-54|info| add handler 1001
|2020-04-22_23-48-54|info| add handler 1002
|2020-04-22_23-48-54|info| add handler 1010
|2020-04-22_23-48-54|info| add handler 1011
|2020-04-22_23-48-54|info| add handler 1012
|2020-04-22_23-48-54|info| add handler 1013
|2020-04-22_23-48-54|info| add handler 1014
|2020-04-22_23-48-54|info| add handler 1030
|2020-04-22_23-48-54|info| add handler 1031
|2020-04-22_23-48-54|info| add handler 1032
|2020-04-22_23-48-54|info| add handler 1020
|2020-04-22_23-48-54|info| add handler 1021
|2020-04-22_23-48-54|info| add handler 1022
|2020-04-22_23-48-54|info| add handler 1023
|2020-04-22_23-48-54|info| add handler 1024
|2020-04-22_23-48-54|info| worker pool. light mode
|2020-04-22_23-48-54|info| work process start success
|2020-04-22_23-49-11|debug| new client. fd = <socket._socketobject object at 0x02B5F810>port = 65002
|2020-04-22_23-49-11|debug| connection count = 1
|2020-04-22_23-49-11|debug| login service: [55][1001][{"username":"netease1","password":"123456","time":5890}]
